preparing to sync LDP_DH api-gateway-datahub...
Fetching origin
Everything up-to-date
Everything up-to-date
preparing to sync LDP_DH datahub...
Fetching origin
Everything up-to-date
Everything up-to-date
preparing to sync LDP_DH datahub-mysql-for-api...
Fetching origin
Everything up-to-date
Everything up-to-date
preparing to sync LDP_DH datahub-mysqlclinet...
Fetching origin
Everything up-to-date
Everything up-to-date
preparing to sync LDP_DH datahub_alarm...
Fetching origin
Everything up-to-date
Everything up-to-date
preparing to sync LDP_DH datahub_api_gateway...
Fetching origin
Everything up-to-date
Everything up-to-date
preparing to sync LDP_DH datahub_api_server...
Fetching origin
Everything up-to-date
Everything up-to-date
preparing to sync LDP_DH datahub_api_specification...
Fetching origin
From https://github.com/asiainfoLDP/datahub_api_specification
 + ad166a9...bae18c5 refs/pull/2/merge -> refs/pull/2/merge  (forced update)
 + 3d49288...87c9979 refs/pull/3/merge -> refs/pull/3/merge  (forced update)
Everything up-to-date
Everything up-to-date
preparing to sync LDP_DH datahub_backlog...
Fetching origin
Everything up-to-date
Everything up-to-date
preparing to sync LDP_DH datahub_bill...
Fetching origin
Everything up-to-date
Everything up-to-date
preparing to sync LDP_DH datahub_comments...
Fetching origin
Everything up-to-date
Everything up-to-date
preparing to sync LDP_DH datahub_commons...
Fetching origin
Everything up-to-date
Everything up-to-date
preparing to sync LDP_DH datahub_custom...
Fetching origin
Everything up-to-date
Everything up-to-date
preparing to sync LDP_DH datahub_docs...
Fetching origin
Everything up-to-date
Everything up-to-date
preparing to sync LDP_DH datahub_documentation...
Fetching origin
Everything up-to-date
Everything up-to-date
preparing to sync LDP_DH datahub_documents...
Fetching origin
Everything up-to-date
Everything up-to-date
preparing to sync LDP_DH datahub_filebackup...
Fetching origin
Everything up-to-date
Everything up-to-date
preparing to sync LDP_DH datahub_find_similiars...
Fetching origin
Everything up-to-date
Everything up-to-date
preparing to sync LDP_DH datahub_heartbeat...
Fetching origin
Everything up-to-date
Everything up-to-date
preparing to sync LDP_DH datahub_kafka...
Fetching origin
Everything up-to-date
Everything up-to-date
preparing to sync LDP_DH datahub_messages...
Fetching origin
Everything up-to-date
Everything up-to-date
preparing to sync LDP_DH datahub_product_yaml...
Fetching origin
Everything up-to-date
Everything up-to-date
preparing to sync LDP_DH datahub_repository...
Fetching origin
From https://github.com/asiainfoLDP/datahub_repository
   f8b1edb..14e204b  develop    -> develop
Everything up-to-date
To http://10.1.236.101:9700/LDP_DH/datahub_repository.git
   f8b1edb..14e204b  develop -> develop
preparing to sync LDP_DH datahub_service_discovery...
Fetching origin
Everything up-to-date
Everything up-to-date
preparing to sync LDP_DH datahub_stars...
Fetching origin
Everything up-to-date
Everything up-to-date
preparing to sync LDP_DH datahub_subscriptions...
Fetching origin
Everything up-to-date
Everything up-to-date
preparing to sync LDP_DH datahub_synchro...
Fetching origin
Everything up-to-date
Everything up-to-date
preparing to sync LDP_DH datahub_user...
Fetching origin
Everything up-to-date
Everything up-to-date
preparing to sync LDP_DH datahub_web...
Fetching origin
Everything up-to-date
Everything up-to-date
preparing to sync LDP_DH datahub_web_admin...
Fetching origin
Everything up-to-date
Everything up-to-date
preparing to sync LDP_DH datahub_web_new...
Fetching origin
Everything up-to-date
Everything up-to-date
preparing to sync LDP_DH datahub_wordpress...
Fetching origin
Everything up-to-date
Everything up-to-date
preparing to sync LDP_DH LdpApiCreditServer...
Fetching origin
Everything up-to-date
Everything up-to-date
preparing to sync LDP_DH LdpApiGateWay...
Fetching origin
Everything up-to-date
Everything up-to-date
preparing to sync LDP_DH LdpApiLocationServer...
Fetching origin
Everything up-to-date
Everything up-to-date
preparing to sync LDP_DH LdpApiRtbServer...
Fetching origin
Everything up-to-date
Everything up-to-date
preparing to sync LDP_DH WEBCLI-DAEMON...
Fetching origin
Everything up-to-date
Everything up-to-date
preparing to sync LDP_DH gz_docs...
Fetching origin
Everything up-to-date
Everything up-to-date
preparing to sync LDP_DH webBroadcast...
Fetching origin
Everything up-to-date
Everything up-to-date
preparing to sync LDP_DH datahub_web_advanced...
Fetching origin
remote: Repository not found.
fatal: repository 'https://github.com/asiainfoLDP/datahub_web_advanced/' not found
error: Could not fetch origin
Everything up-to-date
Everything up-to-date
preparing to sync LDP_DH datahub_swagger...
Fetching origin
Everything up-to-date
Everything up-to-date
preparing to sync LDP_DH front-end-coding-guide...
Fetching origin
remote: Not Found
fatal: repository 'http://10.1.236.101:9700/LDP_DH/front-end-coding-guide.git/' not found
remote: Not Found
fatal: repository 'http://10.1.236.101:9700/LDP_DH/front-end-coding-guide.git/' not found
preparing to sync LDP_DF apache-nifi-ocrhestration...
Fetching origin
Everything up-to-date
Everything up-to-date
preparing to sync LDP_DF datahub_servicebroker...
Fetching origin
Everything up-to-date
Everything up-to-date
preparing to sync LDP_DF cassandra-openshift-orchestration...
Fetching origin
Everything up-to-date
Everything up-to-date
preparing to sync LDP_DF custom-docker-builder...
Fetching origin
Everything up-to-date
Everything up-to-date
preparing to sync LDP_DF datafactory...
Fetching origin
Everything up-to-date
Everything up-to-date
preparing to sync LDP_DF datafactory-rds-broker...
Fetching origin
Everything up-to-date
Everything up-to-date
preparing to sync LDP_DF datafactory-servicebroker-mysql...
Fetching origin
Everything up-to-date
Everything up-to-date
preparing to sync LDP_DF datafactory-stepbystep...
Fetching origin
Everything up-to-date
Everything up-to-date
preparing to sync LDP_DF datafoundry-gitter...
Fetching origin
Everything up-to-date
Everything up-to-date
preparing to sync LDP_DF datafoundry-troubleshooting...
Fetching origin
Everything up-to-date
Everything up-to-date
preparing to sync LDP_DF datafoundry_backlog...
Fetching origin
Everything up-to-date
Everything up-to-date
preparing to sync LDP_DF datafoundry_oauth2...
Fetching origin
Everything up-to-date
Everything up-to-date
preparing to sync LDP_DF datafoundry_proxy...
Fetching origin
Everything up-to-date
Everything up-to-date
preparing to sync LDP_DF datafoundry_servicebroker_go...
Fetching origin
Everything up-to-date
Everything up-to-date
preparing to sync LDP_DF datafoundry_servicebroker_hadoop...
Fetching origin
Everything up-to-date
Everything up-to-date
preparing to sync LDP_DF datafoundry_servicebroker_marathon...
Fetching origin
Everything up-to-date
Everything up-to-date
preparing to sync LDP_DF datafoundry_servicebroker_mysql...
Fetching origin
Everything up-to-date
Everything up-to-date
preparing to sync LDP_DF datafoundry_servicebroker_ocdp...
Fetching origin
From https://github.com/asiainfoLDP/datafoundry_servicebroker_ocdp
   8ad8b22..48d6921  develop    -> develop
Everything up-to-date
To http://10.1.236.101:9700/LDP_DF/datafoundry_servicebroker_ocdp.git
   8ad8b22..48d6921  develop -> develop
preparing to sync LDP_DF datafoundry_servicebroker_openshift...
Fetching origin
From https://github.com/asiainfoLDP/datafoundry_servicebroker_openshift
   82f1f4e..98bf6a4  develop    -> develop
   d692370..f7cf5b7  feature-volumns -> feature-volumns
Everything up-to-date
To http://10.1.236.101:9700/LDP_DF/datafoundry_servicebroker_openshift.git
   82f1f4e..98bf6a4  develop -> develop
   d692370..f7cf5b7  feature-volumns -> feature-volumns
preparing to sync LDP_DF datafoundry_servicebroker_redis...
Fetching origin
Everything up-to-date
Everything up-to-date
preparing to sync LDP_DF datafoundry_web...
Fetching origin
From https://github.com/asiainfoLDP/datafoundry_web
   9751904..27eaf52  develop    -> develop
   bb3324a..80f89a3  feature/jfeature -> feature/jfeature
 * [new branch]      feature/jsx24feature -> feature/jsx24feature
   2733f8c..6afe76a  feature/znfeature -> feature/znfeature
   fbcab7b..3943ff1  master     -> master
 * [new ref]         refs/pull/182/head -> refs/pull/182/head
 * [new ref]         refs/pull/183/head -> refs/pull/183/head
 * [new ref]         refs/pull/184/head -> refs/pull/184/head
 * [new ref]         refs/pull/185/head -> refs/pull/185/head
 * [new ref]         refs/pull/186/head -> refs/pull/186/head
 * [new ref]         refs/pull/187/head -> refs/pull/187/head
 * [new ref]         refs/pull/188/head -> refs/pull/188/head
 * [new tag]         v0.9.1.4   -> v0.9.1.4
 x [deleted]         (none)     -> feature/jsx21feature
To http://10.1.236.101:9700/LDP_DF/datafoundry_web.git
 * [new tag]         v0.9.1.4 -> v0.9.1.4
To http://10.1.236.101:9700/LDP_DF/datafoundry_web.git
   9751904..27eaf52  develop -> develop
   bb3324a..80f89a3  feature/jfeature -> feature/jfeature
 - [deleted]         feature/jsx21feature
   2733f8c..6afe76a  feature/znfeature -> feature/znfeature
   fbcab7b..3943ff1  master -> master
 * [new branch]      feature/jsx24feature -> feature/jsx24feature
preparing to sync LDP_DF data_resource_planning...
Fetching origin
Everything up-to-date
Everything up-to-date
preparing to sync LDP_DF etcd-openshift-orchestration...
Fetching origin
Everything up-to-date
Everything up-to-date
preparing to sync LDP_DF gitbook-server...
Fetching origin
Everything up-to-date
Everything up-to-date
preparing to sync LDP_DF harbor...
Fetching origin
Everything up-to-date
Everything up-to-date
preparing to sync LDP_DF helloworld...
Fetching origin
Everything up-to-date
Everything up-to-date
preparing to sync LDP_DF kafka-openshift-orchestration...
Fetching origin
Everything up-to-date
Everything up-to-date
preparing to sync LDP_DF kettle-service-ocrhestration...
Fetching origin
Everything up-to-date
Everything up-to-date
preparing to sync LDP_DF kubernetes...
Fetching origin
Everything up-to-date
Everything up-to-date
preparing to sync LDP_DF meta-azure-service-broker...
Fetching origin
Everything up-to-date
Everything up-to-date
preparing to sync LDP_DF openshift-orchestration...
Fetching origin
Everything up-to-date
Everything up-to-date
preparing to sync LDP_DF phpRedisAdmin-openshift-orchestration...
Fetching origin
Everything up-to-date
Everything up-to-date
preparing to sync LDP_DF rabbitmq-openshift-orchestration...
Fetching origin
Everything up-to-date
Everything up-to-date
preparing to sync LDP_DF redis-openshift-orchestration...
Fetching origin
Everything up-to-date
Everything up-to-date
preparing to sync LDP_DF spark-openshift-orchestration...
Fetching origin
Everything up-to-date
Everything up-to-date
preparing to sync LDP_DF storm-openshift-orchestration...
Fetching origin
Everything up-to-date
Everything up-to-date
preparing to sync LDP_DF tensorflow-playground...
Fetching origin
Everything up-to-date
Everything up-to-date
preparing to sync LDP_DF wordpress...
Fetching origin
Everything up-to-date
Everything up-to-date
preparing to sync LDP_DF zookeeper-exhibitor-openshift-orchestration...
Fetching origin
Everything up-to-date
Everything up-to-date
preparing to sync LDP_DF zookeeper-openshift-orchestration...
Fetching origin
Everything up-to-date
Everything up-to-date
preparing to sync LDP_DF datafoundry_serviceusage...
Fetching origin
From https://github.com/asiainfoLDP/datafoundry_serviceusage
   3f3025a..7cd2aa6  develop    -> develop
 * [new branch]      remove-quotas-limits-other-than-standard-ones -> remove-quotas-limits-other-than-standard-ones
 * [new ref]         refs/pull/2/head -> refs/pull/2/head
 * [new ref]         refs/pull/2/merge -> refs/pull/2/merge
 * [new ref]         refs/pull/3/head -> refs/pull/3/head
 * [new ref]         refs/pull/4/head -> refs/pull/4/head
 * [new ref]         refs/pull/5/head -> refs/pull/5/head
 * [new ref]         refs/pull/5/merge -> refs/pull/5/merge
 * [new tag]         v0.9       -> v0.9
 x [deleted]         (none)     -> imporve-code
 x [deleted]         (none)     -> refs/pull/1/merge
To http://10.1.236.101:9700/LDP_DF/datafoundry_serviceusage.git
 * [new tag]         v0.9 -> v0.9
To http://10.1.236.101:9700/LDP_DF/datafoundry_serviceusage.git
   3f3025a..7cd2aa6  develop -> develop
 - [deleted]         imporve-code
 * [new branch]      remove-quotas-limits-other-than-standard-ones -> remove-quotas-limits-other-than-standard-ones
preparing to sync LDP_DF datafoundry_payment...
Fetching origin
From https://github.com/asiainfoLDP/datafoundry_payment
 * [new branch]      feature/openshift-client-methods -> feature/openshift-client-methods
Everything up-to-date
To http://10.1.236.101:9700/LDP_DF/datafoundry_payment.git
 * [new branch]      feature/openshift-client-methods -> feature/openshift-client-methods
preparing to sync LDP_DF datafoundry_recharge...
Fetching origin
From https://github.com/asiainfoLDP/datafoundry_recharge
   cfe1d5d..95e9562  develop    -> develop
   03d0abd..823f261  master     -> master
 * [new ref]         refs/pull/2/head -> refs/pull/2/head
 * [new tag]         v0.9.0     -> v0.9.0
To http://10.1.236.101:9700/LDP_DF/datafoundry_recharge.git
 * [new tag]         v0.9.0 -> v0.9.0
To http://10.1.236.101:9700/LDP_DF/datafoundry_recharge.git
   cfe1d5d..95e9562  develop -> develop
   03d0abd..823f261  master -> master
preparing to sync LDP_DF datafoundry_aipay...
Fetching origin
From https://github.com/asiainfoLDP/datafoundry_aipay
   ffaf994..eb9209a  master     -> master
 * [new tag]         v0.9.0     -> v0.9.0
To http://10.1.236.101:9700/LDP_DF/datafoundry_aipay.git
 * [new tag]         v0.9.0 -> v0.9.0
To http://10.1.236.101:9700/LDP_DF/datafoundry_aipay.git
   ffaf994..eb9209a  master -> master
preparing to sync LDP_DF datafoundry_ocdp_hive_demo...
Fetching origin
Everything up-to-date
Everything up-to-date
preparing to sync LDP_DF datafoundry_data_integration...
Fetching origin
From https://github.com/asiainfoLDP/datafoundry_data_integration
   0fbb34c..e546143  master     -> master
 * [new tag]         v0.9.0     -> v0.9.0
To http://10.1.236.101:9700/LDP_DF/datafoundry_data_integration.git
 * [new tag]         v0.9.0 -> v0.9.0
To http://10.1.236.101:9700/LDP_DF/datafoundry_data_integration.git
   0fbb34c..e546143  master -> master
preparing to sync LDP_DF datafoundry_data_instance...
Fetching origin
From https://github.com/asiainfoLDP/datafoundry_data_instance
   1187fa9..6032865  develop    -> develop
   1a944f4..8cf7eae  master     -> master
 * [new ref]         refs/pull/1/head -> refs/pull/1/head
 * [new tag]         v0.9       -> v0.9
To http://10.1.236.101:9700/LDP_DF/datafoundry_data_instance.git
 * [new tag]         v0.9 -> v0.9
To http://10.1.236.101:9700/LDP_DF/datafoundry_data_instance.git
   1187fa9..6032865  develop -> develop
   1a944f4..8cf7eae  master -> master
preparing to sync LDP_DF datafoundry_coupon...
Fetching origin
From https://github.com/asiainfoLDP/datafoundry_coupon
   02a70fb..eb9a91d  develop    -> develop
   1c47f71..8bd0b0e  master     -> master
 * [new ref]         refs/pull/2/head -> refs/pull/2/head
 * [new tag]         v0.9       -> v0.9
 x [deleted]         (none)     -> feature/authorization
remote: Not Found
fatal: repository 'http://10.1.236.101:9700/LDP_DF/datafoundry_coupon.git/' not found
remote: Not Found
fatal: repository 'http://10.1.236.101:9700/LDP_DF/datafoundry_coupon.git/' not found
preparing to sync LDP_DF datafoundry_appmarket...
Fetching origin
From https://github.com/asiainfoLDP/datafoundry_appmarket
 * branch            HEAD       -> FETCH_HEAD
Everything up-to-date
Everything up-to-date
preparing to sync LDP_DF datafoundry_plan...
Fetching origin
From https://github.com/asiainfoLDP/datafoundry_plan
 * [new tag]         v0.9       -> v0.9
To http://10.1.236.101:9700/LDP_DF/datafoundry_plan.git
 * [new tag]         v0.9 -> v0.9
Everything up-to-date
