preparing to sync LDP_DH api-gateway-datahub...
Fetching origin
Everything up-to-date
Everything up-to-date
preparing to sync LDP_DH datahub...
Fetching origin
Everything up-to-date
Everything up-to-date
preparing to sync LDP_DH datahub-mysql-for-api...
Fetching origin
Everything up-to-date
Everything up-to-date
preparing to sync LDP_DH datahub-mysqlclinet...
Fetching origin
Everything up-to-date
Everything up-to-date
preparing to sync LDP_DH datahub_alarm...
Fetching origin
Everything up-to-date
Everything up-to-date
preparing to sync LDP_DH datahub_api_gateway...
Fetching origin
Everything up-to-date
Everything up-to-date
preparing to sync LDP_DH datahub_api_server...
Fetching origin
Everything up-to-date
Everything up-to-date
preparing to sync LDP_DH datahub_api_specification...
Fetching origin
Everything up-to-date
Everything up-to-date
preparing to sync LDP_DH datahub_backlog...
Fetching origin
Everything up-to-date
Everything up-to-date
preparing to sync LDP_DH datahub_bill...
Fetching origin
From https://github.com/asiainfoLDP/datahub_bill
   52519e3..dc04781  develop    -> develop
 * [new branch]      hotfix     -> hotfix
   ed476cb..e16925b  master     -> master
 * [new tag]         2.2.1      -> 2.2.1
To http://10.1.236.101:9700/LDP_DH/datahub_bill.git
 * [new tag]         2.2.1 -> 2.2.1
To http://10.1.236.101:9700/LDP_DH/datahub_bill.git
   52519e3..dc04781  develop -> develop
   ed476cb..e16925b  master -> master
 * [new branch]      hotfix -> hotfix
preparing to sync LDP_DH datahub_comments...
Fetching origin
Everything up-to-date
Everything up-to-date
preparing to sync LDP_DH datahub_commons...
Fetching origin
Everything up-to-date
Everything up-to-date
preparing to sync LDP_DH datahub_custom...
Fetching origin
Everything up-to-date
Everything up-to-date
preparing to sync LDP_DH datahub_docs...
Fetching origin
Everything up-to-date
Everything up-to-date
preparing to sync LDP_DH datahub_documentation...
Fetching origin
Everything up-to-date
Everything up-to-date
preparing to sync LDP_DH datahub_documents...
Fetching origin
Everything up-to-date
Everything up-to-date
preparing to sync LDP_DH datahub_filebackup...
Fetching origin
Everything up-to-date
Everything up-to-date
preparing to sync LDP_DH datahub_find_similiars...
Fetching origin
Everything up-to-date
Everything up-to-date
preparing to sync LDP_DH datahub_heartbeat...
Fetching origin
Everything up-to-date
Everything up-to-date
preparing to sync LDP_DH datahub_kafka...
Fetching origin
Everything up-to-date
Everything up-to-date
preparing to sync LDP_DH datahub_messages...
Fetching origin
Everything up-to-date
Everything up-to-date
preparing to sync LDP_DH datahub_product_yaml...
Fetching origin
Everything up-to-date
Everything up-to-date
preparing to sync LDP_DH datahub_repository...
Fetching origin
Everything up-to-date
Everything up-to-date
preparing to sync LDP_DH datahub_service_discovery...
Fetching origin
Everything up-to-date
Everything up-to-date
preparing to sync LDP_DH datahub_stars...
Fetching origin
Everything up-to-date
Everything up-to-date
preparing to sync LDP_DH datahub_subscriptions...
Fetching origin
Everything up-to-date
Everything up-to-date
preparing to sync LDP_DH datahub_synchro...
Fetching origin
Everything up-to-date
Everything up-to-date
preparing to sync LDP_DH datahub_user...
Fetching origin
From https://github.com/asiainfoLDP/datahub_user
   3571ab3..909da6f  develop    -> develop
 + 6e8e20c...65940db hotfix     -> hotfix  (forced update)
   f65fdc9..65940db  master     -> master
 * [new tag]         2.2.2      -> 2.2.2
To http://10.1.236.101:9700/LDP_DH/datahub_user.git
 * [new tag]         2.2.2 -> 2.2.2
To http://10.1.236.101:9700/LDP_DH/datahub_user.git
   3571ab3..909da6f  develop -> develop
 + 6e8e20c...65940db hotfix -> hotfix (forced update)
   f65fdc9..65940db  master -> master
preparing to sync LDP_DH datahub_web...
Fetching origin
Everything up-to-date
Everything up-to-date
preparing to sync LDP_DH datahub_web_admin...
Fetching origin
Everything up-to-date
Everything up-to-date
preparing to sync LDP_DH datahub_web_new...
Fetching origin
From https://github.com/asiainfoLDP/datahub_web_new
   9e8d488..88e70d3  develop    -> develop
   fd67328..05b659f  master     -> master
 * [new tag]         v2.3.4.1   -> v2.3.4.1
To http://10.1.236.101:9700/LDP_DH/datahub_web_new.git
 * [new tag]         v2.3.4.1 -> v2.3.4.1
To http://10.1.236.101:9700/LDP_DH/datahub_web_new.git
   9e8d488..88e70d3  develop -> develop
   fd67328..05b659f  master -> master
preparing to sync LDP_DH datahub_wordpress...
Fetching origin
Everything up-to-date
Everything up-to-date
preparing to sync LDP_DH LdpApiCreditServer...
Fetching origin
Everything up-to-date
Everything up-to-date
preparing to sync LDP_DH LdpApiGateWay...
Fetching origin
Everything up-to-date
Everything up-to-date
preparing to sync LDP_DH LdpApiLocationServer...
Fetching origin
Everything up-to-date
Everything up-to-date
preparing to sync LDP_DH LdpApiRtbServer...
Fetching origin
Everything up-to-date
Everything up-to-date
preparing to sync LDP_DH WEBCLI-DAEMON...
Fetching origin
Everything up-to-date
Everything up-to-date
preparing to sync LDP_DH gz_docs...
Fetching origin
Everything up-to-date
Everything up-to-date
preparing to sync LDP_DH webBroadcast...
Fetching origin
Everything up-to-date
Everything up-to-date
preparing to sync LDP_DH datahub_web_advanced...
Fetching origin
From https://github.com/asiainfoLDP/datahub_web_advanced
   d0dfcf5..9db167e  develop    -> develop
Everything up-to-date
To http://10.1.236.101:9700/LDP_DH/datahub_web_advanced.git
   d0dfcf5..9db167e  develop -> develop
preparing to sync LDP_DF apache-nifi-ocrhestration...
Fetching origin
Everything up-to-date
Everything up-to-date
preparing to sync LDP_DF datahub_servicebroker...
Fetching origin
Everything up-to-date
Everything up-to-date
preparing to sync LDP_DF cassandra-openshift-orchestration...
Fetching origin
Everything up-to-date
Everything up-to-date
preparing to sync LDP_DF custom-docker-builder...
Fetching origin
Everything up-to-date
Everything up-to-date
preparing to sync LDP_DF datafactory...
Fetching origin
Everything up-to-date
Everything up-to-date
preparing to sync LDP_DF datafactory-rds-broker...
Fetching origin
Everything up-to-date
Everything up-to-date
preparing to sync LDP_DF datafactory-servicebroker-mysql...
Fetching origin
Everything up-to-date
Everything up-to-date
preparing to sync LDP_DF datafactory-stepbystep...
Fetching origin
Everything up-to-date
Everything up-to-date
preparing to sync LDP_DF datafoundry-gitter...
Fetching origin
Everything up-to-date
Everything up-to-date
preparing to sync LDP_DF datafoundry-troubleshooting...
Fetching origin
Everything up-to-date
Everything up-to-date
preparing to sync LDP_DF datafoundry_appmarket...
Fetching origin
From https://github.com/asiainfoLDP/datafoundry_appmarket
 * branch            HEAD       -> FETCH_HEAD
Everything up-to-date
Everything up-to-date
preparing to sync LDP_DF datafoundry_backlog...
Fetching origin
Everything up-to-date
Everything up-to-date
preparing to sync LDP_DF datafoundry_oauth2...
Fetching origin
Everything up-to-date
Everything up-to-date
preparing to sync LDP_DF datafoundry_plan...
Fetching origin
Everything up-to-date
Everything up-to-date
preparing to sync LDP_DF datafoundry_proxy...
Fetching origin
From https://github.com/asiainfoLDP/datafoundry_proxy
   267c0d0..ecbc0b2  release/0.9 -> release/0.9
Everything up-to-date
To http://10.1.236.101:9700/LDP_DF/datafoundry_proxy.git
   267c0d0..ecbc0b2  release/0.9 -> release/0.9
preparing to sync LDP_DF datafoundry_servicebroker_go...
Fetching origin
Everything up-to-date
Everything up-to-date
preparing to sync LDP_DF datafoundry_servicebroker_hadoop...
Fetching origin
Everything up-to-date
Everything up-to-date
preparing to sync LDP_DF datafoundry_servicebroker_marathon...
Fetching origin
Everything up-to-date
Everything up-to-date
preparing to sync LDP_DF datafoundry_servicebroker_mysql...
Fetching origin
Everything up-to-date
Everything up-to-date
preparing to sync LDP_DF datafoundry_servicebroker_ocdp...
Fetching origin
Everything up-to-date
Everything up-to-date
preparing to sync LDP_DF datafoundry_servicebroker_openshift...
Fetching origin
Everything up-to-date
Everything up-to-date
preparing to sync LDP_DF datafoundry_servicebroker_redis...
Fetching origin
Everything up-to-date
Everything up-to-date
preparing to sync LDP_DF datafoundry_web...
Fetching origin
From https://github.com/asiainfoLDP/datafoundry_web
   069a9df..87a8570  develop    -> develop
   f4c0678..eb37c22  feature/jfeature -> feature/jfeature
   229b9ce..2a9899e  feature/jxxfeature -> feature/jxxfeature
   0a7cb76..603ebe4  hotfix/0.8.7.4 -> hotfix/0.8.7.4
   0a7cb76..d1dd3a5  master     -> master
 * [new ref]         refs/pull/131/head -> refs/pull/131/head
 * [new ref]         refs/pull/132/head -> refs/pull/132/head
 * [new ref]         refs/pull/133/head -> refs/pull/133/head
 * [new ref]         refs/pull/134/head -> refs/pull/134/head
 * [new tag]         v0.8.7.4   -> v0.8.7.4
To http://10.1.236.101:9700/LDP_DF/datafoundry_web.git
 * [new tag]         v0.8.7.4 -> v0.8.7.4
To http://10.1.236.101:9700/LDP_DF/datafoundry_web.git
   069a9df..87a8570  develop -> develop
   f4c0678..eb37c22  feature/jfeature -> feature/jfeature
   229b9ce..2a9899e  feature/jxxfeature -> feature/jxxfeature
   0a7cb76..603ebe4  hotfix/0.8.7.4 -> hotfix/0.8.7.4
   0a7cb76..d1dd3a5  master -> master
preparing to sync LDP_DF data_resource_planning...
Fetching origin
Everything up-to-date
Everything up-to-date
preparing to sync LDP_DF etcd-openshift-orchestration...
Fetching origin
Everything up-to-date
Everything up-to-date
preparing to sync LDP_DF gitbook-server...
Fetching origin
Everything up-to-date
Everything up-to-date
preparing to sync LDP_DF harbor...
Fetching origin
Everything up-to-date
Everything up-to-date
preparing to sync LDP_DF helloworld...
Fetching origin
Everything up-to-date
Everything up-to-date
preparing to sync LDP_DF kafka-openshift-orchestration...
Fetching origin
Everything up-to-date
Everything up-to-date
preparing to sync LDP_DF kettle-service-ocrhestration...
Fetching origin
Everything up-to-date
Everything up-to-date
preparing to sync LDP_DF kubernetes...
Fetching origin
Everything up-to-date
Everything up-to-date
preparing to sync LDP_DF meta-azure-service-broker...
Fetching origin
Everything up-to-date
Everything up-to-date
preparing to sync LDP_DF openshift-orchestration...
Fetching origin
Everything up-to-date
Everything up-to-date
preparing to sync LDP_DF phpRedisAdmin-openshift-orchestration...
Fetching origin
Everything up-to-date
Everything up-to-date
preparing to sync LDP_DF rabbitmq-openshift-orchestration...
Fetching origin
Everything up-to-date
Everything up-to-date
preparing to sync LDP_DF redis-openshift-orchestration...
Fetching origin
Everything up-to-date
Everything up-to-date
preparing to sync LDP_DF spark-openshift-orchestration...
Fetching origin
Everything up-to-date
Everything up-to-date
preparing to sync LDP_DF storm-openshift-orchestration...
Fetching origin
Everything up-to-date
Everything up-to-date
preparing to sync LDP_DF tensorflow-playground...
Fetching origin
Everything up-to-date
Everything up-to-date
preparing to sync LDP_DF wordpress...
Fetching origin
Everything up-to-date
Everything up-to-date
preparing to sync LDP_DF zookeeper-exhibitor-openshift-orchestration...
Fetching origin
Everything up-to-date
Everything up-to-date
preparing to sync LDP_DF zookeeper-openshift-orchestration...
Fetching origin
Everything up-to-date
Everything up-to-date
preparing to sync LDP_DF datafoundry_serviceusage...
Fetching origin
From https://github.com/asiainfoLDP/datafoundry_serviceusage
   8d6ddaf..6b22bb8  develop    -> develop
Everything up-to-date
To http://10.1.236.101:9700/LDP_DF/datafoundry_serviceusage.git
   8d6ddaf..6b22bb8  develop -> develop
preparing to sync LDP_DF datafoundry_payment...
Fetching origin
From https://github.com/asiainfoLDP/datafoundry_payment
 * [new branch]      release/0.9 -> release/0.9
Everything up-to-date
To http://10.1.236.101:9700/LDP_DF/datafoundry_payment.git
 * [new branch]      release/0.9 -> release/0.9
preparing to sync LDP_DF datafoundry_recharge...
Fetching origin
From https://github.com/asiainfoLDP/datafoundry_recharge
   61ca405..681897d  develop    -> develop
Everything up-to-date
To http://10.1.236.101:9700/LDP_DF/datafoundry_recharge.git
   61ca405..681897d  develop -> develop
preparing to sync LDP_DF datafoundry_aipay...
Cloning into bare repository 'datafoundry_aipay.git'...
No refs in common and none specified; doing nothing.
Perhaps you should specify a branch such as 'master'.
Everything up-to-date
To http://10.1.236.101:9700/LDP_DF/datafoundry_aipay.git
 * [new branch]      develop -> develop
 * [new branch]      master -> master
