preparing to sync LDP_DH api-gateway-datahub...
Fetching origin
Everything up-to-date
Everything up-to-date
preparing to sync LDP_DH datahub...
Fetching origin
From https://github.com/asiainfoLDP/datahub
   823cf18..0d3bdaf  develop    -> develop
Everything up-to-date
To http://10.1.236.101:9700/LDP_DH/datahub.git
   823cf18..0d3bdaf  develop -> develop
preparing to sync LDP_DH datahub-mysql-for-api...
Fetching origin
Everything up-to-date
Everything up-to-date
preparing to sync LDP_DH datahub-mysqlclinet...
Fetching origin
Everything up-to-date
Everything up-to-date
preparing to sync LDP_DH datahub_alarm...
Fetching origin
Everything up-to-date
Everything up-to-date
preparing to sync LDP_DH datahub_api_gateway...
Fetching origin
Everything up-to-date
Everything up-to-date
preparing to sync LDP_DH datahub_api_server...
Fetching origin
Everything up-to-date
Everything up-to-date
preparing to sync LDP_DH datahub_api_specification...
Fetching origin
Everything up-to-date
Everything up-to-date
preparing to sync LDP_DH datahub_backlog...
Fetching origin
Everything up-to-date
Everything up-to-date
preparing to sync LDP_DH datahub_bill...
Fetching origin
Everything up-to-date
Everything up-to-date
preparing to sync LDP_DH datahub_comments...
Fetching origin
Everything up-to-date
Everything up-to-date
preparing to sync LDP_DH datahub_commons...
Fetching origin
Everything up-to-date
Everything up-to-date
preparing to sync LDP_DH datahub_custom...
Fetching origin
Everything up-to-date
Everything up-to-date
preparing to sync LDP_DH datahub_docs...
Fetching origin
Everything up-to-date
Everything up-to-date
preparing to sync LDP_DH datahub_documentation...
Fetching origin
Everything up-to-date
Everything up-to-date
preparing to sync LDP_DH datahub_documents...
Fetching origin
Everything up-to-date
Everything up-to-date
preparing to sync LDP_DH datahub_filebackup...
Fetching origin
Everything up-to-date
Everything up-to-date
preparing to sync LDP_DH datahub_find_similiars...
Fetching origin
Everything up-to-date
Everything up-to-date
preparing to sync LDP_DH datahub_heartbeat...
Fetching origin
Everything up-to-date
Everything up-to-date
preparing to sync LDP_DH datahub_kafka...
Fetching origin
Everything up-to-date
Everything up-to-date
preparing to sync LDP_DH datahub_messages...
Fetching origin
Everything up-to-date
Everything up-to-date
preparing to sync LDP_DH datahub_product_yaml...
Fetching origin
Everything up-to-date
Everything up-to-date
preparing to sync LDP_DH datahub_repository...
Fetching origin
Everything up-to-date
Everything up-to-date
preparing to sync LDP_DH datahub_service_discovery...
Fetching origin
Everything up-to-date
Everything up-to-date
preparing to sync LDP_DH datahub_stars...
Fetching origin
Everything up-to-date
Everything up-to-date
preparing to sync LDP_DH datahub_subscriptions...
Fetching origin
Everything up-to-date
Everything up-to-date
preparing to sync LDP_DH datahub_synchro...
Fetching origin
Everything up-to-date
Everything up-to-date
preparing to sync LDP_DH datahub_user...
Fetching origin
From https://github.com/asiainfoLDP/datahub_user
   909da6f..7ee4aa5  develop    -> develop
Everything up-to-date
To http://10.1.236.101:9700/LDP_DH/datahub_user.git
   909da6f..7ee4aa5  develop -> develop
preparing to sync LDP_DH datahub_web...
Fetching origin
Everything up-to-date
Everything up-to-date
preparing to sync LDP_DH datahub_web_admin...
Fetching origin
Everything up-to-date
Everything up-to-date
preparing to sync LDP_DH datahub_web_new...
Fetching origin
Everything up-to-date
Everything up-to-date
preparing to sync LDP_DH datahub_wordpress...
Fetching origin
Everything up-to-date
Everything up-to-date
preparing to sync LDP_DH LdpApiCreditServer...
Fetching origin
Everything up-to-date
Everything up-to-date
preparing to sync LDP_DH LdpApiGateWay...
Fetching origin
Everything up-to-date
Everything up-to-date
preparing to sync LDP_DH LdpApiLocationServer...
Fetching origin
Everything up-to-date
Everything up-to-date
preparing to sync LDP_DH LdpApiRtbServer...
Fetching origin
Everything up-to-date
Everything up-to-date
preparing to sync LDP_DH WEBCLI-DAEMON...
Fetching origin
Everything up-to-date
Everything up-to-date
preparing to sync LDP_DH gz_docs...
Fetching origin
Everything up-to-date
Everything up-to-date
preparing to sync LDP_DH webBroadcast...
Fetching origin
Everything up-to-date
Everything up-to-date
preparing to sync LDP_DH datahub_web_advanced...
Fetching origin
remote: Repository not found.
fatal: repository 'https://github.com/asiainfoLDP/datahub_web_advanced/' not found
error: Could not fetch origin
Everything up-to-date
Everything up-to-date
preparing to sync LDP_DH datahub_swagger...
Fetching origin
Everything up-to-date
Everything up-to-date
preparing to sync LDP_DH front-end-coding-guide...
Fetching origin
remote: Not Found
fatal: repository 'http://10.1.236.101:9700/LDP_DH/front-end-coding-guide.git/' not found
remote: Not Found
fatal: repository 'http://10.1.236.101:9700/LDP_DH/front-end-coding-guide.git/' not found
preparing to sync LDP_DF apache-nifi-ocrhestration...
Fetching origin
Everything up-to-date
Everything up-to-date
preparing to sync LDP_DF datahub_servicebroker...
Fetching origin
Everything up-to-date
Everything up-to-date
preparing to sync LDP_DF cassandra-openshift-orchestration...
Fetching origin
Everything up-to-date
Everything up-to-date
preparing to sync LDP_DF custom-docker-builder...
Fetching origin
Everything up-to-date
Everything up-to-date
preparing to sync LDP_DF datafactory...
Fetching origin
Everything up-to-date
Everything up-to-date
preparing to sync LDP_DF datafactory-rds-broker...
Fetching origin
Everything up-to-date
Everything up-to-date
preparing to sync LDP_DF datafactory-servicebroker-mysql...
Fetching origin
Everything up-to-date
Everything up-to-date
preparing to sync LDP_DF datafactory-stepbystep...
Fetching origin
Everything up-to-date
Everything up-to-date
preparing to sync LDP_DF datafoundry-gitter...
Fetching origin
Everything up-to-date
Everything up-to-date
preparing to sync LDP_DF datafoundry-troubleshooting...
Fetching origin
Everything up-to-date
Everything up-to-date
preparing to sync LDP_DF datafoundry_backlog...
Fetching origin
Everything up-to-date
Everything up-to-date
preparing to sync LDP_DF datafoundry_oauth2...
Fetching origin
Everything up-to-date
Everything up-to-date
preparing to sync LDP_DF datafoundry_proxy...
Fetching origin
Everything up-to-date
Everything up-to-date
preparing to sync LDP_DF datafoundry_servicebroker_go...
Fetching origin
Everything up-to-date
Everything up-to-date
preparing to sync LDP_DF datafoundry_servicebroker_hadoop...
Fetching origin
Everything up-to-date
Everything up-to-date
preparing to sync LDP_DF datafoundry_servicebroker_marathon...
Fetching origin
Everything up-to-date
Everything up-to-date
preparing to sync LDP_DF datafoundry_servicebroker_mysql...
Fetching origin
Everything up-to-date
Everything up-to-date
preparing to sync LDP_DF datafoundry_servicebroker_ocdp...
Fetching origin
Everything up-to-date
Everything up-to-date
preparing to sync LDP_DF datafoundry_servicebroker_openshift...
Fetching origin
From https://github.com/asiainfoLDP/datafoundry_servicebroker_openshift
   bc88dfc..de9b0ad  kafka-volumns -> kafka-volumns
 * [new branch]      raddbitmq-volumes -> raddbitmq-volumes
Everything up-to-date
To http://10.1.236.101:9700/LDP_DF/datafoundry_servicebroker_openshift.git
   bc88dfc..de9b0ad  kafka-volumns -> kafka-volumns
 * [new branch]      raddbitmq-volumes -> raddbitmq-volumes
preparing to sync LDP_DF datafoundry_servicebroker_redis...
Fetching origin
Everything up-to-date
Everything up-to-date
preparing to sync LDP_DF datafoundry_web...
Fetching origin
From https://github.com/asiainfoLDP/datafoundry_web
   57709f8..57a183d  feature/jfeature -> feature/jfeature
   0fd173b..a4fb1b4  feature/jsx42feature -> feature/jsx42feature
Everything up-to-date
To http://10.1.236.101:9700/LDP_DF/datafoundry_web.git
   57709f8..57a183d  feature/jfeature -> feature/jfeature
   0fd173b..a4fb1b4  feature/jsx42feature -> feature/jsx42feature
preparing to sync LDP_DF data_resource_planning...
Fetching origin
Everything up-to-date
Everything up-to-date
preparing to sync LDP_DF etcd-openshift-orchestration...
Fetching origin
Everything up-to-date
Everything up-to-date
preparing to sync LDP_DF gitbook-server...
Fetching origin
Everything up-to-date
Everything up-to-date
preparing to sync LDP_DF harbor...
Fetching origin
Everything up-to-date
Everything up-to-date
preparing to sync LDP_DF helloworld...
Fetching origin
Everything up-to-date
Everything up-to-date
preparing to sync LDP_DF kafka-openshift-orchestration...
Fetching origin
Everything up-to-date
Everything up-to-date
preparing to sync LDP_DF kettle-service-ocrhestration...
Fetching origin
Everything up-to-date
Everything up-to-date
preparing to sync LDP_DF kubernetes...
Fetching origin
Everything up-to-date
Everything up-to-date
preparing to sync LDP_DF meta-azure-service-broker...
Fetching origin
Everything up-to-date
Everything up-to-date
preparing to sync LDP_DF openshift-orchestration...
Fetching origin
Everything up-to-date
Everything up-to-date
preparing to sync LDP_DF phpRedisAdmin-openshift-orchestration...
Fetching origin
Everything up-to-date
Everything up-to-date
preparing to sync LDP_DF rabbitmq-openshift-orchestration...
Fetching origin
Everything up-to-date
Everything up-to-date
preparing to sync LDP_DF redis-openshift-orchestration...
Fetching origin
Everything up-to-date
Everything up-to-date
preparing to sync LDP_DF spark-openshift-orchestration...
Fetching origin
Everything up-to-date
Everything up-to-date
preparing to sync LDP_DF storm-openshift-orchestration...
Fetching origin
Everything up-to-date
Everything up-to-date
preparing to sync LDP_DF tensorflow-playground...
Fetching origin
Everything up-to-date
Everything up-to-date
preparing to sync LDP_DF wordpress...
Fetching origin
Everything up-to-date
Everything up-to-date
preparing to sync LDP_DF zookeeper-exhibitor-openshift-orchestration...
Fetching origin
Everything up-to-date
Everything up-to-date
preparing to sync LDP_DF zookeeper-openshift-orchestration...
Fetching origin
Everything up-to-date
Everything up-to-date
preparing to sync LDP_DF datafoundry_serviceusage...
Fetching origin
Everything up-to-date
Everything up-to-date
preparing to sync LDP_DF datafoundry_payment...
Fetching origin
Everything up-to-date
Everything up-to-date
preparing to sync LDP_DF datafoundry_recharge...
Fetching origin
Everything up-to-date
Everything up-to-date
preparing to sync LDP_DF datafoundry_aipay...
Fetching origin
Everything up-to-date
Everything up-to-date
preparing to sync LDP_DF datafoundry_ocdp_hive_demo...
Fetching origin
Everything up-to-date
Everything up-to-date
preparing to sync LDP_DF datafoundry_data_integration...
Fetching origin
Everything up-to-date
Everything up-to-date
preparing to sync LDP_DF datafoundry_data_instance...
Fetching origin
Everything up-to-date
Everything up-to-date
preparing to sync LDP_DF datafoundry_coupon...
Fetching origin
remote: Not Found
fatal: repository 'http://10.1.236.101:9700/LDP_DF/datafoundry_coupon.git/' not found
remote: Not Found
fatal: repository 'http://10.1.236.101:9700/LDP_DF/datafoundry_coupon.git/' not found
preparing to sync LDP_DF datafoundry_appmarket...
Fetching origin
From https://github.com/asiainfoLDP/datafoundry_appmarket
 * branch            HEAD       -> FETCH_HEAD
Everything up-to-date
Everything up-to-date
preparing to sync LDP_DF datafoundry_plan...
Fetching origin
Everything up-to-date
Everything up-to-date
preparing to sync LDP_DF datafoundry_volume...
Fetching origin
From https://github.com/asiainfoLDP/datafoundry_volume
   e4c1cc8..2b59cc9  develop    -> develop
   2952b34..08cd43c  support-command-line -> support-command-line
 * [new ref]         refs/pull/6/head -> refs/pull/6/head
Everything up-to-date
To http://10.1.236.101:9700/LDP_DF/datafoundry_volume.git
   e4c1cc8..2b59cc9  develop -> develop
   2952b34..08cd43c  support-command-line -> support-command-line
preparing to sync LDP_DF datafoundry_volume_management...
Fetching origin
Everything up-to-date
Everything up-to-date
