preparing to sync LDP_DH api-gateway-datahub...
Fetching origin
Everything up-to-date
Everything up-to-date
preparing to sync LDP_DH datahub...
Fetching origin
Everything up-to-date
Everything up-to-date
preparing to sync LDP_DH datahub-mysql-for-api...
Fetching origin
Everything up-to-date
Everything up-to-date
preparing to sync LDP_DH datahub-mysqlclinet...
Fetching origin
Everything up-to-date
Everything up-to-date
preparing to sync LDP_DH datahub_alarm...
Fetching origin
Everything up-to-date
Everything up-to-date
preparing to sync LDP_DH datahub_api_gateway...
Fetching origin
Everything up-to-date
Everything up-to-date
preparing to sync LDP_DH datahub_api_server...
Fetching origin
Everything up-to-date
Everything up-to-date
preparing to sync LDP_DH datahub_api_specification...
Fetching origin
From https://github.com/asiainfoLDP/datahub_api_specification
   51b4e38..2715437  master     -> master
Everything up-to-date
To http://10.1.236.101:9700/LDP_DH/datahub_api_specification.git
   51b4e38..2715437  master -> master
preparing to sync LDP_DH datahub_backlog...
Fetching origin
Everything up-to-date
Everything up-to-date
preparing to sync LDP_DH datahub_bill...
Fetching origin
From https://github.com/asiainfoLDP/datahub_bill
   e46f34f..56734ec  develop    -> develop
Everything up-to-date
To http://10.1.236.101:9700/LDP_DH/datahub_bill.git
   e46f34f..56734ec  develop -> develop
preparing to sync LDP_DH datahub_comments...
Fetching origin
Everything up-to-date
Everything up-to-date
preparing to sync LDP_DH datahub_commons...
Fetching origin
Everything up-to-date
Everything up-to-date
preparing to sync LDP_DH datahub_custom...
Fetching origin
Everything up-to-date
Everything up-to-date
preparing to sync LDP_DH datahub_docs...
Fetching origin
Everything up-to-date
Everything up-to-date
preparing to sync LDP_DH datahub_documentation...
Fetching origin
Everything up-to-date
Everything up-to-date
preparing to sync LDP_DH datahub_documents...
Fetching origin
Everything up-to-date
Everything up-to-date
preparing to sync LDP_DH datahub_filebackup...
Fetching origin
Everything up-to-date
Everything up-to-date
preparing to sync LDP_DH datahub_find_similiars...
Fetching origin
Everything up-to-date
Everything up-to-date
preparing to sync LDP_DH datahub_heartbeat...
Fetching origin
Everything up-to-date
Everything up-to-date
preparing to sync LDP_DH datahub_kafka...
Fetching origin
Everything up-to-date
Everything up-to-date
preparing to sync LDP_DH datahub_messages...
Fetching origin
From https://github.com/asiainfoLDP/datahub_messages
   a17eeb8..1641b0a  develop    -> develop
Everything up-to-date
To http://10.1.236.101:9700/LDP_DH/datahub_messages.git
   a17eeb8..1641b0a  develop -> develop
preparing to sync LDP_DH datahub_product_yaml...
Fetching origin
Everything up-to-date
Everything up-to-date
preparing to sync LDP_DH datahub_repository...
Fetching origin
From https://github.com/asiainfoLDP/datahub_repository
   96014a7..942cb5d  develop    -> develop
Everything up-to-date
To http://10.1.236.101:9700/LDP_DH/datahub_repository.git
   96014a7..942cb5d  develop -> develop
preparing to sync LDP_DH datahub_service_discovery...
Fetching origin
Everything up-to-date
Everything up-to-date
preparing to sync LDP_DH datahub_stars...
Fetching origin
Everything up-to-date
Everything up-to-date
preparing to sync LDP_DH datahub_subscriptions...
Fetching origin
Everything up-to-date
Everything up-to-date
preparing to sync LDP_DH datahub_synchro...
Fetching origin
Everything up-to-date
Everything up-to-date
preparing to sync LDP_DH datahub_user...
Fetching origin
From https://github.com/asiainfoLDP/datahub_user
   a74f74f..caade80  develop    -> develop
Everything up-to-date
To http://10.1.236.101:9700/LDP_DH/datahub_user.git
   a74f74f..caade80  develop -> develop
preparing to sync LDP_DH datahub_web...
Fetching origin
Everything up-to-date
Everything up-to-date
preparing to sync LDP_DH datahub_web_admin...
Fetching origin
Everything up-to-date
Everything up-to-date
preparing to sync LDP_DH datahub_web_new...
Fetching origin
From https://github.com/asiainfoLDP/datahub_web_new
   e027b2b..e3b4439  develop    -> develop
 * [new branch]      hotfix/v2.3.1.2 -> hotfix/v2.3.1.2
 * [new tag]         v2.3.1.2   -> v2.3.1.2
To http://10.1.236.101:9700/LDP_DH/datahub_web_new.git
 * [new tag]         v2.3.1.2 -> v2.3.1.2
To http://10.1.236.101:9700/LDP_DH/datahub_web_new.git
   e027b2b..e3b4439  develop -> develop
 * [new branch]      hotfix/v2.3.1.2 -> hotfix/v2.3.1.2
preparing to sync LDP_DH datahub_wordpress...
Fetching origin
Everything up-to-date
Everything up-to-date
preparing to sync LDP_DH LdpApiCreditServer...
Fetching origin
Everything up-to-date
Everything up-to-date
preparing to sync LDP_DH LdpApiGateWay...
Fetching origin
Everything up-to-date
Everything up-to-date
preparing to sync LDP_DH LdpApiLocationServer...
Fetching origin
Everything up-to-date
Everything up-to-date
preparing to sync LDP_DH LdpApiRtbServer...
Fetching origin
Everything up-to-date
Everything up-to-date
preparing to sync LDP_DH WEBCLI-DAEMON...
Fetching origin
Everything up-to-date
Everything up-to-date
preparing to sync LDP_DH gz_docs...
Fetching origin
Everything up-to-date
Everything up-to-date
preparing to sync LDP_DH webBroadcast...
Fetching origin
Everything up-to-date
Everything up-to-date
preparing to sync LDP_DH datahub_web_advanced...
Fetching origin
From https://github.com/asiainfoLDP/datahub_web_advanced
   0362431..9a08c65  develop    -> develop
Everything up-to-date
To http://10.1.236.101:9700/LDP_DH/datahub_web_advanced.git
   0362431..9a08c65  develop -> develop
preparing to sync LDP_DF apache-nifi-ocrhestration...
Fetching origin
Everything up-to-date
Everything up-to-date
preparing to sync LDP_DF datahub_servicebroker...
Fetching origin
Everything up-to-date
Everything up-to-date
preparing to sync LDP_DF cassandra-openshift-orchestration...
Fetching origin
Everything up-to-date
Everything up-to-date
preparing to sync LDP_DF custom-docker-builder...
Fetching origin
Everything up-to-date
Everything up-to-date
preparing to sync LDP_DF datafactory...
Fetching origin
Everything up-to-date
Everything up-to-date
preparing to sync LDP_DF datafactory-rds-broker...
Fetching origin
Everything up-to-date
Everything up-to-date
preparing to sync LDP_DF datafactory-servicebroker-mysql...
Fetching origin
Everything up-to-date
Everything up-to-date
preparing to sync LDP_DF datafactory-stepbystep...
Fetching origin
Everything up-to-date
Everything up-to-date
preparing to sync LDP_DF datafoundry-gitter...
Fetching origin
Everything up-to-date
Everything up-to-date
preparing to sync LDP_DF datafoundry-troubleshooting...
Fetching origin
Everything up-to-date
Everything up-to-date
preparing to sync LDP_DF datafoundry_appmarket...
Fetching origin
From https://github.com/asiainfoLDP/datafoundry_appmarket
 * branch            HEAD       -> FETCH_HEAD
Everything up-to-date
Everything up-to-date
preparing to sync LDP_DF datafoundry_backlog...
Fetching origin
Everything up-to-date
Everything up-to-date
preparing to sync LDP_DF datafoundry_oauth2...
Fetching origin
Everything up-to-date
Everything up-to-date
preparing to sync LDP_DF datafoundry_plan...
Fetching origin
From https://github.com/asiainfoLDP/datafoundry_plan
   8fb94ea..db1ac2c  develop    -> develop
Everything up-to-date
To http://10.1.236.101:9700/LDP_DF/datafoundry_plan.git
   8fb94ea..db1ac2c  develop -> develop
preparing to sync LDP_DF datafoundry_proxy...
Fetching origin
Everything up-to-date
Everything up-to-date
preparing to sync LDP_DF datafoundry_servicebroker_go...
Fetching origin
Everything up-to-date
Everything up-to-date
preparing to sync LDP_DF datafoundry_servicebroker_hadoop...
Fetching origin
Everything up-to-date
Everything up-to-date
preparing to sync LDP_DF datafoundry_servicebroker_marathon...
Fetching origin
Everything up-to-date
Everything up-to-date
preparing to sync LDP_DF datafoundry_servicebroker_mysql...
Fetching origin
Everything up-to-date
Everything up-to-date
preparing to sync LDP_DF datafoundry_servicebroker_ocdp...
Fetching origin
Everything up-to-date
Everything up-to-date
preparing to sync LDP_DF datafoundry_servicebroker_openshift...
Fetching origin
Everything up-to-date
Everything up-to-date
preparing to sync LDP_DF datafoundry_servicebroker_redis...
Fetching origin
Everything up-to-date
Everything up-to-date
preparing to sync LDP_DF datafoundry_web...
Fetching origin
From https://github.com/asiainfoLDP/datafoundry_web
   c668348..1179585  develop    -> develop
   989156d..b8ba6b5  feature/jfeature -> feature/jfeature
   80972c0..2439363  feature/jxyfeature -> feature/jxyfeature
   04ed84b..ca95d88  master     -> master
   989156d..74a8964  refs/pull/19/head -> refs/pull/19/head
 * [new ref]         refs/pull/22/head -> refs/pull/22/head
 * [new ref]         refs/pull/23/head -> refs/pull/23/head
 * [new ref]         refs/pull/24/head -> refs/pull/24/head
 * [new ref]         refs/pull/25/head -> refs/pull/25/head
 * [new ref]         refs/pull/26/head -> refs/pull/26/head
 * [new ref]         refs/pull/27/head -> refs/pull/27/head
 * [new ref]         refs/pull/28/head -> refs/pull/28/head
 * [new ref]         refs/pull/29/head -> refs/pull/29/head
 * [new ref]         refs/pull/30/head -> refs/pull/30/head
 * [new ref]         refs/pull/31/head -> refs/pull/31/head
 * [new ref]         refs/pull/32/head -> refs/pull/32/head
 * [new ref]         refs/pull/33/head -> refs/pull/33/head
 x [deleted]         (none)     -> feature/construction
 x [deleted]         (none)     -> feature/jsxfeature
 x [deleted]         (none)     -> refs/pull/19/merge
Everything up-to-date
To http://10.1.236.101:9700/LDP_DF/datafoundry_web.git
   c668348..1179585  develop -> develop
 - [deleted]         feature/construction
   989156d..b8ba6b5  feature/jfeature -> feature/jfeature
 - [deleted]         feature/jsxfeature
   80972c0..2439363  feature/jxyfeature -> feature/jxyfeature
   04ed84b..ca95d88  master -> master
preparing to sync LDP_DF data_resource_planning...
Fetching origin
Everything up-to-date
Everything up-to-date
preparing to sync LDP_DF etcd-openshift-orchestration...
Fetching origin
Everything up-to-date
Everything up-to-date
preparing to sync LDP_DF gitbook-server...
Fetching origin
Everything up-to-date
Everything up-to-date
preparing to sync LDP_DF harbor...
Fetching origin
Everything up-to-date
Everything up-to-date
preparing to sync LDP_DF helloworld...
Fetching origin
Everything up-to-date
Everything up-to-date
preparing to sync LDP_DF kafka-openshift-orchestration...
Fetching origin
Everything up-to-date
Everything up-to-date
preparing to sync LDP_DF kettle-service-ocrhestration...
Fetching origin
Everything up-to-date
Everything up-to-date
preparing to sync LDP_DF kubernetes...
Fetching origin
Everything up-to-date
Everything up-to-date
preparing to sync LDP_DF meta-azure-service-broker...
Fetching origin
Everything up-to-date
Everything up-to-date
preparing to sync LDP_DF openshift-orchestration...
Fetching origin
Everything up-to-date
Everything up-to-date
preparing to sync LDP_DF phpRedisAdmin-openshift-orchestration...
Fetching origin
Everything up-to-date
Everything up-to-date
preparing to sync LDP_DF rabbitmq-openshift-orchestration...
Fetching origin
Everything up-to-date
Everything up-to-date
preparing to sync LDP_DF redis-openshift-orchestration...
Fetching origin
Everything up-to-date
Everything up-to-date
preparing to sync LDP_DF spark-openshift-orchestration...
Fetching origin
Everything up-to-date
Everything up-to-date
preparing to sync LDP_DF storm-openshift-orchestration...
Fetching origin
Everything up-to-date
Everything up-to-date
preparing to sync LDP_DF tensorflow-playground...
Fetching origin
Everything up-to-date
Everything up-to-date
preparing to sync LDP_DF wordpress...
Fetching origin
Everything up-to-date
Everything up-to-date
preparing to sync LDP_DF zookeeper-exhibitor-openshift-orchestration...
Fetching origin
Everything up-to-date
Everything up-to-date
preparing to sync LDP_DF zookeeper-openshift-orchestration...
Fetching origin
Everything up-to-date
Everything up-to-date
preparing to sync LDP_DF datafoundry_serviceusage...
Fetching origin
From https://github.com/asiainfoLDP/datafoundry_serviceusage
   0f40697..872be04  develop    -> develop
Everything up-to-date
To http://10.1.236.101:9700/LDP_DF/datafoundry_serviceusage.git
   0f40697..872be04  develop -> develop
preparing to sync LDP_DF datafoundry_payment...
Fetching origin
From https://github.com/asiainfoLDP/datafoundry_payment
 * [new branch]      feature/spearate-components-url -> feature/spearate-components-url
Everything up-to-date
To http://10.1.236.101:9700/LDP_DF/datafoundry_payment.git
 * [new branch]      feature/spearate-components-url -> feature/spearate-components-url
preparing to sync LDP_DF datafoundry_recharge...
Fetching origin
Everything up-to-date
Everything up-to-date
