preparing to sync LDP_DH api-gateway-datahub...
Fetching origin
Everything up-to-date
Everything up-to-date
preparing to sync LDP_DH datahub...
Fetching origin
Everything up-to-date
Everything up-to-date
preparing to sync LDP_DH datahub-mysql-for-api...
Fetching origin
Everything up-to-date
Everything up-to-date
preparing to sync LDP_DH datahub-mysqlclinet...
Fetching origin
Everything up-to-date
Everything up-to-date
preparing to sync LDP_DH datahub_alarm...
Fetching origin
Everything up-to-date
Everything up-to-date
preparing to sync LDP_DH datahub_api_gateway...
Fetching origin
Everything up-to-date
Everything up-to-date
preparing to sync LDP_DH datahub_api_server...
Fetching origin
Everything up-to-date
Everything up-to-date
preparing to sync LDP_DH datahub_api_specification...
Fetching origin
Everything up-to-date
Everything up-to-date
preparing to sync LDP_DH datahub_backlog...
Fetching origin
Everything up-to-date
Everything up-to-date
preparing to sync LDP_DH datahub_bill...
Fetching origin
Everything up-to-date
Everything up-to-date
preparing to sync LDP_DH datahub_comments...
Fetching origin
Everything up-to-date
Everything up-to-date
preparing to sync LDP_DH datahub_commons...
Fetching origin
Everything up-to-date
Everything up-to-date
preparing to sync LDP_DH datahub_custom...
Fetching origin
Everything up-to-date
Everything up-to-date
preparing to sync LDP_DH datahub_docs...
Fetching origin
Everything up-to-date
Everything up-to-date
preparing to sync LDP_DH datahub_documentation...
Fetching origin
Everything up-to-date
Everything up-to-date
preparing to sync LDP_DH datahub_documents...
Fetching origin
Everything up-to-date
Everything up-to-date
preparing to sync LDP_DH datahub_filebackup...
Fetching origin
Everything up-to-date
Everything up-to-date
preparing to sync LDP_DH datahub_find_similiars...
Fetching origin
Everything up-to-date
Everything up-to-date
preparing to sync LDP_DH datahub_heartbeat...
Fetching origin
Everything up-to-date
Everything up-to-date
preparing to sync LDP_DH datahub_kafka...
Fetching origin
Everything up-to-date
Everything up-to-date
preparing to sync LDP_DH datahub_messages...
Fetching origin
Everything up-to-date
Everything up-to-date
preparing to sync LDP_DH datahub_product_yaml...
Fetching origin
Everything up-to-date
Everything up-to-date
preparing to sync LDP_DH datahub_repository...
Fetching origin
Everything up-to-date
Everything up-to-date
preparing to sync LDP_DH datahub_service_discovery...
Fetching origin
Everything up-to-date
Everything up-to-date
preparing to sync LDP_DH datahub_stars...
Fetching origin
Everything up-to-date
Everything up-to-date
preparing to sync LDP_DH datahub_subscriptions...
Fetching origin
Everything up-to-date
Everything up-to-date
preparing to sync LDP_DH datahub_synchro...
Fetching origin
Everything up-to-date
Everything up-to-date
preparing to sync LDP_DH datahub_user...
Fetching origin
Everything up-to-date
Everything up-to-date
preparing to sync LDP_DH datahub_web...
Fetching origin
Everything up-to-date
Everything up-to-date
preparing to sync LDP_DH datahub_web_admin...
Fetching origin
Everything up-to-date
Everything up-to-date
preparing to sync LDP_DH datahub_web_new...
Fetching origin
Everything up-to-date
Everything up-to-date
preparing to sync LDP_DH datahub_wordpress...
Fetching origin
Everything up-to-date
Everything up-to-date
preparing to sync LDP_DH LdpApiCreditServer...
Fetching origin
Everything up-to-date
Everything up-to-date
preparing to sync LDP_DH LdpApiGateWay...
Fetching origin
Everything up-to-date
Everything up-to-date
preparing to sync LDP_DH LdpApiLocationServer...
Fetching origin
Everything up-to-date
Everything up-to-date
preparing to sync LDP_DH LdpApiRtbServer...
Fetching origin
Everything up-to-date
Everything up-to-date
preparing to sync LDP_DH WEBCLI-DAEMON...
Fetching origin
Everything up-to-date
Everything up-to-date
preparing to sync LDP_DH gz_docs...
Fetching origin
Everything up-to-date
Everything up-to-date
preparing to sync LDP_DH webBroadcast...
Fetching origin
Everything up-to-date
Everything up-to-date
preparing to sync LDP_DH datahub_web_advanced...
Fetching origin
remote: Repository not found.
fatal: repository 'https://github.com/asiainfoLDP/datahub_web_advanced/' not found
error: Could not fetch origin
Everything up-to-date
Everything up-to-date
preparing to sync LDP_DH datahub_swagger...
Fetching origin
Everything up-to-date
Everything up-to-date
preparing to sync LDP_DH front-end-coding-guide...
Fetching origin
remote: Not Found
fatal: repository 'http://10.1.236.101:9700/LDP_DH/front-end-coding-guide.git/' not found
remote: Not Found
fatal: repository 'http://10.1.236.101:9700/LDP_DH/front-end-coding-guide.git/' not found
preparing to sync LDP_DF apache-nifi-ocrhestration...
Fetching origin
Everything up-to-date
Everything up-to-date
preparing to sync LDP_DF datahub_servicebroker...
Fetching origin
Everything up-to-date
Everything up-to-date
preparing to sync LDP_DF cassandra-openshift-orchestration...
Fetching origin
Everything up-to-date
Everything up-to-date
preparing to sync LDP_DF custom-docker-builder...
Fetching origin
Everything up-to-date
Everything up-to-date
preparing to sync LDP_DF datafactory...
Fetching origin
Everything up-to-date
Everything up-to-date
preparing to sync LDP_DF datafactory-rds-broker...
Fetching origin
Everything up-to-date
Everything up-to-date
preparing to sync LDP_DF datafactory-servicebroker-mysql...
Fetching origin
Everything up-to-date
Everything up-to-date
preparing to sync LDP_DF datafactory-stepbystep...
Fetching origin
Everything up-to-date
Everything up-to-date
preparing to sync LDP_DF datafoundry-gitter...
Fetching origin
Everything up-to-date
Everything up-to-date
preparing to sync LDP_DF datafoundry-troubleshooting...
Fetching origin
Everything up-to-date
Everything up-to-date
preparing to sync LDP_DF datafoundry_backlog...
Fetching origin
Everything up-to-date
Everything up-to-date
preparing to sync LDP_DF datafoundry_oauth2...
Fetching origin
Everything up-to-date
Everything up-to-date
preparing to sync LDP_DF datafoundry_proxy...
Fetching origin
From https://github.com/asiainfoLDP/datafoundry_proxy
 * [new branch]      adjust-message-system -> adjust-message-system
   39fc446..110a2e9  develop    -> develop
   88b0a09..110a2e9  master     -> master
 * [new ref]         refs/pull/10/head -> refs/pull/10/head
 * [new ref]         refs/pull/10/merge -> refs/pull/10/merge
 * [new ref]         refs/pull/9/head -> refs/pull/9/head
 * [new tag]         release/1.0 -> release/1.0
 x [deleted]         (none)     -> haha
To http://10.1.236.101:9700/LDP_DF/datafoundry_proxy.git
 * [new tag]         release/1.0 -> release/1.0
To http://10.1.236.101:9700/LDP_DF/datafoundry_proxy.git
   39fc446..110a2e9  develop -> develop
 - [deleted]         haha
   88b0a09..110a2e9  master -> master
 * [new branch]      adjust-message-system -> adjust-message-system
preparing to sync LDP_DF datafoundry_servicebroker_go...
Fetching origin
Everything up-to-date
Everything up-to-date
preparing to sync LDP_DF datafoundry_servicebroker_hadoop...
Fetching origin
Everything up-to-date
Everything up-to-date
preparing to sync LDP_DF datafoundry_servicebroker_marathon...
Fetching origin
Everything up-to-date
Everything up-to-date
preparing to sync LDP_DF datafoundry_servicebroker_mysql...
Fetching origin
Everything up-to-date
Everything up-to-date
preparing to sync LDP_DF datafoundry_servicebroker_ocdp...
Fetching origin
Everything up-to-date
Everything up-to-date
preparing to sync LDP_DF datafoundry_servicebroker_openshift...
Fetching origin
From https://github.com/asiainfoLDP/datafoundry_servicebroker_openshift
   cc80739..c67e00b  etcd-volumns -> etcd-volumns
   82f1f4e..6aa8a99  master     -> master
 * [new branch]      mongo-volumes -> mongo-volumes
 * [new ref]         refs/pull/1/head -> refs/pull/1/head
Everything up-to-date
To http://10.1.236.101:9700/LDP_DF/datafoundry_servicebroker_openshift.git
   cc80739..c67e00b  etcd-volumns -> etcd-volumns
   82f1f4e..6aa8a99  master -> master
 * [new branch]      mongo-volumes -> mongo-volumes
preparing to sync LDP_DF datafoundry_servicebroker_redis...
Fetching origin
Everything up-to-date
Everything up-to-date
preparing to sync LDP_DF datafoundry_web...
Fetching origin
From https://github.com/asiainfoLDP/datafoundry_web
   475dd50..bc68498  develop    -> develop
   b5a7e41..2cb11a4  feature/bsipayfeature -> feature/bsipayfeature
   059e8d0..8b4d742  master     -> master
 * [new ref]         refs/pull/211/head -> refs/pull/211/head
 * [new ref]         refs/pull/212/head -> refs/pull/212/head
 * [new ref]         refs/pull/213/head -> refs/pull/213/head
 * [new ref]         refs/pull/214/head -> refs/pull/214/head
 * [new tag]         v1.0       -> v1.0
 x [deleted]         (none)     -> feature/jfeature
 x [deleted]         (none)     -> feature/jsx26feature
To http://10.1.236.101:9700/LDP_DF/datafoundry_web.git
 * [new tag]         v1.0 -> v1.0
To http://10.1.236.101:9700/LDP_DF/datafoundry_web.git
   475dd50..bc68498  develop -> develop
   b5a7e41..2cb11a4  feature/bsipayfeature -> feature/bsipayfeature
 - [deleted]         feature/jfeature
 - [deleted]         feature/jsx26feature
   059e8d0..8b4d742  master -> master
preparing to sync LDP_DF data_resource_planning...
Fetching origin
Everything up-to-date
Everything up-to-date
preparing to sync LDP_DF etcd-openshift-orchestration...
Fetching origin
Everything up-to-date
Everything up-to-date
preparing to sync LDP_DF gitbook-server...
Fetching origin
Everything up-to-date
Everything up-to-date
preparing to sync LDP_DF harbor...
Fetching origin
Everything up-to-date
Everything up-to-date
preparing to sync LDP_DF helloworld...
Fetching origin
Everything up-to-date
Everything up-to-date
preparing to sync LDP_DF kafka-openshift-orchestration...
Fetching origin
Everything up-to-date
Everything up-to-date
preparing to sync LDP_DF kettle-service-ocrhestration...
Fetching origin
Everything up-to-date
Everything up-to-date
preparing to sync LDP_DF kubernetes...
Fetching origin
Everything up-to-date
Everything up-to-date
preparing to sync LDP_DF meta-azure-service-broker...
Fetching origin
Everything up-to-date
Everything up-to-date
preparing to sync LDP_DF openshift-orchestration...
Fetching origin
Everything up-to-date
Everything up-to-date
preparing to sync LDP_DF phpRedisAdmin-openshift-orchestration...
Fetching origin
Everything up-to-date
Everything up-to-date
preparing to sync LDP_DF rabbitmq-openshift-orchestration...
Fetching origin
Everything up-to-date
Everything up-to-date
preparing to sync LDP_DF redis-openshift-orchestration...
Fetching origin
Everything up-to-date
Everything up-to-date
preparing to sync LDP_DF spark-openshift-orchestration...
Fetching origin
Everything up-to-date
Everything up-to-date
preparing to sync LDP_DF storm-openshift-orchestration...
Fetching origin
Everything up-to-date
Everything up-to-date
preparing to sync LDP_DF tensorflow-playground...
Fetching origin
Everything up-to-date
Everything up-to-date
preparing to sync LDP_DF wordpress...
Fetching origin
Everything up-to-date
Everything up-to-date
preparing to sync LDP_DF zookeeper-exhibitor-openshift-orchestration...
Fetching origin
Everything up-to-date
Everything up-to-date
preparing to sync LDP_DF zookeeper-openshift-orchestration...
Fetching origin
Everything up-to-date
Everything up-to-date
preparing to sync LDP_DF datafoundry_serviceusage...
Fetching origin
From https://github.com/asiainfoLDP/datafoundry_serviceusage
   03180be..a208dc1  develop    -> develop
 * [new branch]      fix-limit-res-name-lengths -> fix-limit-res-name-lengths
 * [new branch]      limit-res-name-lengths -> limit-res-name-lengths
   3f3025a..a208dc1  master     -> master
 * [new ref]         refs/pull/17/head -> refs/pull/17/head
 * [new ref]         refs/pull/17/merge -> refs/pull/17/merge
 * [new ref]         refs/pull/18/head -> refs/pull/18/head
 * [new ref]         refs/pull/18/merge -> refs/pull/18/merge
 * [new ref]         refs/pull/19/head -> refs/pull/19/head
 * [new ref]         refs/pull/20/head -> refs/pull/20/head
 * [new ref]         refs/pull/21/head -> refs/pull/21/head
 * [new ref]         refs/pull/22/head -> refs/pull/22/head
 * [new ref]         refs/pull/23/head -> refs/pull/23/head
 * [new ref]         refs/pull/24/head -> refs/pull/24/head
 * [new tag]         release/1.0 -> release/1.0
 x [deleted]         (none)     -> haha
To http://10.1.236.101:9700/LDP_DF/datafoundry_serviceusage.git
 * [new tag]         release/1.0 -> release/1.0
To http://10.1.236.101:9700/LDP_DF/datafoundry_serviceusage.git
   03180be..a208dc1  develop -> develop
 - [deleted]         haha
   3f3025a..a208dc1  master -> master
 * [new branch]      fix-limit-res-name-lengths -> fix-limit-res-name-lengths
 * [new branch]      limit-res-name-lengths -> limit-res-name-lengths
preparing to sync LDP_DF datafoundry_payment...
Fetching origin
From https://github.com/asiainfoLDP/datafoundry_payment
   e58ab57..8dda783  develop    -> develop
   fe9177a..388cd29  master     -> master
 * [new ref]         refs/pull/11/head -> refs/pull/11/head
 * [new ref]         refs/pull/12/head -> refs/pull/12/head
 * [new ref]         refs/pull/13/head -> refs/pull/13/head
 * [new ref]         refs/pull/14/head -> refs/pull/14/head
 * [new tag]         1.0        -> 1.0
 x [deleted]         (none)     -> feature/project-organization-function
To http://10.1.236.101:9700/LDP_DF/datafoundry_payment.git
 * [new tag]         1.0 -> 1.0
To http://10.1.236.101:9700/LDP_DF/datafoundry_payment.git
   e58ab57..8dda783  develop -> develop
 - [deleted]         feature/project-organization-function
   fe9177a..388cd29  master -> master
preparing to sync LDP_DF datafoundry_recharge...
Fetching origin
From https://github.com/asiainfoLDP/datafoundry_recharge
 * [new tag]         1.0        -> 1.0
To http://10.1.236.101:9700/LDP_DF/datafoundry_recharge.git
 * [new tag]         1.0 -> 1.0
Everything up-to-date
preparing to sync LDP_DF datafoundry_aipay...
Fetching origin
From https://github.com/asiainfoLDP/datafoundry_aipay
 * [new tag]         1.0        -> 1.0
To http://10.1.236.101:9700/LDP_DF/datafoundry_aipay.git
 * [new tag]         1.0 -> 1.0
Everything up-to-date
preparing to sync LDP_DF datafoundry_ocdp_hive_demo...
Fetching origin
Everything up-to-date
Everything up-to-date
preparing to sync LDP_DF datafoundry_data_integration...
Fetching origin
From https://github.com/asiainfoLDP/datafoundry_data_integration
 * [new tag]         1.0        -> 1.0
To http://10.1.236.101:9700/LDP_DF/datafoundry_data_integration.git
 * [new tag]         1.0 -> 1.0
Everything up-to-date
preparing to sync LDP_DF datafoundry_data_instance...
Fetching origin
From https://github.com/asiainfoLDP/datafoundry_data_instance
 * [new tag]         v1.0       -> v1.0
To http://10.1.236.101:9700/LDP_DF/datafoundry_data_instance.git
 * [new tag]         v1.0 -> v1.0
Everything up-to-date
preparing to sync LDP_DF datafoundry_coupon...
Fetching origin
From https://github.com/asiainfoLDP/datafoundry_coupon
   8bd0b0e..3d619ab  master     -> master
 * [new tag]         v1.0       -> v1.0
remote: Not Found
fatal: repository 'http://10.1.236.101:9700/LDP_DF/datafoundry_coupon.git/' not found
remote: Not Found
fatal: repository 'http://10.1.236.101:9700/LDP_DF/datafoundry_coupon.git/' not found
preparing to sync LDP_DF datafoundry_appmarket...
Fetching origin
From https://github.com/asiainfoLDP/datafoundry_appmarket
 * branch            HEAD       -> FETCH_HEAD
Everything up-to-date
Everything up-to-date
preparing to sync LDP_DF datafoundry_plan...
Fetching origin
From https://github.com/asiainfoLDP/datafoundry_plan
   5e9fdd4..fa9e976  develop    -> develop
   9613a2b..9b82f74  master     -> master
 * [new ref]         refs/pull/7/head -> refs/pull/7/head
 * [new ref]         refs/pull/8/head -> refs/pull/8/head
 * [new tag]         v1.0       -> v1.0
To http://10.1.236.101:9700/LDP_DF/datafoundry_plan.git
 * [new tag]         v1.0 -> v1.0
To http://10.1.236.101:9700/LDP_DF/datafoundry_plan.git
   5e9fdd4..fa9e976  develop -> develop
   9613a2b..9b82f74  master -> master
