Cloning into bare repository 'api-gateway-datahub.git'...
Cloning into bare repository 'datahub.git'...
Cloning into bare repository 'datahub-mysql-for-api.git'...
Cloning into bare repository 'datahub-mysqlclinet.git'...
Cloning into bare repository 'datahub_alarm.git'...
Cloning into bare repository 'datahub_api_gateway.git'...
Cloning into bare repository 'datahub_api_server.git'...
Cloning into bare repository 'datahub_api_specification.git'...
Cloning into bare repository 'datahub_backlog.git'...
Cloning into bare repository 'datahub_bill.git'...
Cloning into bare repository 'datahub_comments.git'...
Cloning into bare repository 'datahub_commons.git'...
Cloning into bare repository 'datahub_custom.git'...
Cloning into bare repository 'datahub_docs.git'...
Cloning into bare repository 'datahub_documentation.git'...
Cloning into bare repository 'datahub_documents.git'...
Cloning into bare repository 'datahub_filebackup.git'...
Cloning into bare repository 'datahub_find_similiars.git'...
Cloning into bare repository 'datahub_heartbeat.git'...
Cloning into bare repository 'datahub_kafka.git'...
Cloning into bare repository 'datahub_messages.git'...
Cloning into bare repository 'datahub_product_yaml.git'...
Cloning into bare repository 'datahub_repository.git'...
Cloning into bare repository 'datahub_servicebroker.git'...
Cloning into bare repository 'datahub_service_discovery.git'...
Cloning into bare repository 'datahub_stars.git'...
Cloning into bare repository 'datahub_subscriptions.git'...
Cloning into bare repository 'datahub_synchro.git'...
Cloning into bare repository 'datahub_user.git'...
Cloning into bare repository 'datahub_web.git'...
Cloning into bare repository 'datahub_web_admin.git'...
Cloning into bare repository 'datahub_web_new.git'...
Cloning into bare repository 'datahub_wordpress.git'...
Cloning into bare repository 'LdpApiCreditServer.git'...
Cloning into bare repository 'LdpApiGateWay.git'...
Cloning into bare repository 'LdpApiLocationServer.git'...
Cloning into bare repository 'LdpApiRtbServer.git'...
Cloning into bare repository 'WEBCLI-DAEMON.git'...
Cloning into bare repository 'gz_docs.git'...
Cloning into bare repository 'webBroadcast.git'...
Cloning into bare repository 'apache-nifi-ocrhestration.git'...
Cloning into bare repository 'cassandra-openshift-orchestration.git'...
Cloning into bare repository 'custom-docker-builder.git'...
Cloning into bare repository 'datafactory.git'...
Cloning into bare repository 'datafactory-rds-broker.git'...
Cloning into bare repository 'datafactory-servicebroker-example.git'...
Cloning into bare repository 'datafactory-servicebroker-mysql.git'...
Cloning into bare repository 'datafactory-stepbystep.git'...
Cloning into bare repository 'datafoundry-gitter.git'...
Cloning into bare repository 'datafoundry-troubleshooting.git'...
Fetching origin
Cloning into bare repository 'datafoundry_backlog.git'...
Cloning into bare repository 'datafoundry_oauth2.git'...
Cloning into bare repository 'datafoundry_plan.git'...
Cloning into bare repository 'datafoundry_proxy.git'...
Cloning into bare repository 'datafoundry_servicebroker_go.git'...
Cloning into bare repository 'datafoundry_servicebroker_hadoop.git'...
Cloning into bare repository 'datafoundry_servicebroker_marathon.git'...
Cloning into bare repository 'datafoundry_servicebroker_mysql.git'...
Cloning into bare repository 'datafoundry_servicebroker_ocdp.git'...
Cloning into bare repository 'datafoundry_servicebroker_openshift.git'...
Cloning into bare repository 'datafoundry_servicebroker_redis.git'...
Cloning into bare repository 'datafoundry_web.git'...
Cloning into bare repository 'data_resource_planning.git'...
Cloning into bare repository 'etcd-openshift-orchestration.git'...
Cloning into bare repository 'gitbook-server.git'...
Cloning into bare repository 'harbor.git'...
Cloning into bare repository 'helloworld.git'...
Cloning into bare repository 'kafka-openshift-orchestration.git'...
Cloning into bare repository 'kettle-service-ocrhestration.git'...
Cloning into bare repository 'kubernetes.git'...
Cloning into bare repository 'meta-azure-service-broker.git'...
Cloning into bare repository 'openshift-orchestration.git'...
Cloning into bare repository 'phpRedisAdmin-openshift-orchestration.git'...
Cloning into bare repository 'rabbitmq-openshift-orchestration.git'...
Cloning into bare repository 'redis-openshift-orchestration.git'...
Cloning into bare repository 'spark-openshift-orchestration.git'...
Cloning into bare repository 'storm-openshift-orchestration.git'...
Cloning into bare repository 'tensorflow-playground.git'...
Cloning into bare repository 'wordpress.git'...
Cloning into bare repository 'zookeeper-exhibitor-openshift-orchestration.git'...
Cloning into bare repository 'zookeeper-openshift-orchestration.git'...
