preparing to sync LDP_DH api-gateway-datahub...
Fetching origin
Everything up-to-date
Everything up-to-date
preparing to sync LDP_DH datahub...
Fetching origin
Everything up-to-date
Everything up-to-date
preparing to sync LDP_DH datahub-mysql-for-api...
Fetching origin
Everything up-to-date
Everything up-to-date
preparing to sync LDP_DH datahub-mysqlclinet...
Fetching origin
Everything up-to-date
Everything up-to-date
preparing to sync LDP_DH datahub_alarm...
Fetching origin
Everything up-to-date
Everything up-to-date
preparing to sync LDP_DH datahub_api_gateway...
Fetching origin
Everything up-to-date
Everything up-to-date
preparing to sync LDP_DH datahub_api_server...
Fetching origin
Everything up-to-date
Everything up-to-date
preparing to sync LDP_DH datahub_api_specification...
Fetching origin
Everything up-to-date
Everything up-to-date
preparing to sync LDP_DH datahub_backlog...
Fetching origin
Everything up-to-date
Everything up-to-date
preparing to sync LDP_DH datahub_bill...
Fetching origin
Everything up-to-date
Everything up-to-date
preparing to sync LDP_DH datahub_comments...
Fetching origin
Everything up-to-date
Everything up-to-date
preparing to sync LDP_DH datahub_commons...
Fetching origin
Everything up-to-date
Everything up-to-date
preparing to sync LDP_DH datahub_custom...
Fetching origin
Everything up-to-date
Everything up-to-date
preparing to sync LDP_DH datahub_docs...
Fetching origin
Everything up-to-date
Everything up-to-date
preparing to sync LDP_DH datahub_documentation...
Fetching origin
Everything up-to-date
Everything up-to-date
preparing to sync LDP_DH datahub_documents...
Fetching origin
Everything up-to-date
Everything up-to-date
preparing to sync LDP_DH datahub_filebackup...
Fetching origin
Everything up-to-date
Everything up-to-date
preparing to sync LDP_DH datahub_find_similiars...
Fetching origin
Everything up-to-date
Everything up-to-date
preparing to sync LDP_DH datahub_heartbeat...
Fetching origin
Everything up-to-date
Everything up-to-date
preparing to sync LDP_DH datahub_kafka...
Fetching origin
Everything up-to-date
Everything up-to-date
preparing to sync LDP_DH datahub_messages...
Fetching origin
Everything up-to-date
Everything up-to-date
preparing to sync LDP_DH datahub_product_yaml...
Fetching origin
Everything up-to-date
Everything up-to-date
preparing to sync LDP_DH datahub_repository...
Fetching origin
Everything up-to-date
Everything up-to-date
preparing to sync LDP_DH datahub_service_discovery...
Fetching origin
Everything up-to-date
Everything up-to-date
preparing to sync LDP_DH datahub_stars...
Fetching origin
Everything up-to-date
Everything up-to-date
preparing to sync LDP_DH datahub_subscriptions...
Fetching origin
Everything up-to-date
Everything up-to-date
preparing to sync LDP_DH datahub_synchro...
Fetching origin
Everything up-to-date
Everything up-to-date
preparing to sync LDP_DH datahub_user...
Fetching origin
Everything up-to-date
Everything up-to-date
preparing to sync LDP_DH datahub_web...
Fetching origin
Everything up-to-date
Everything up-to-date
preparing to sync LDP_DH datahub_web_admin...
Fetching origin
Everything up-to-date
Everything up-to-date
preparing to sync LDP_DH datahub_web_new...
Fetching origin
Everything up-to-date
Everything up-to-date
preparing to sync LDP_DH datahub_wordpress...
Fetching origin
Everything up-to-date
Everything up-to-date
preparing to sync LDP_DH LdpApiCreditServer...
Fetching origin
Everything up-to-date
Everything up-to-date
preparing to sync LDP_DH LdpApiGateWay...
Fetching origin
Everything up-to-date
Everything up-to-date
preparing to sync LDP_DH LdpApiLocationServer...
Fetching origin
Everything up-to-date
Everything up-to-date
preparing to sync LDP_DH LdpApiRtbServer...
Fetching origin
Everything up-to-date
Everything up-to-date
preparing to sync LDP_DH WEBCLI-DAEMON...
Fetching origin
Everything up-to-date
Everything up-to-date
preparing to sync LDP_DH gz_docs...
Fetching origin
Everything up-to-date
Everything up-to-date
preparing to sync LDP_DH webBroadcast...
Fetching origin
Everything up-to-date
Everything up-to-date
preparing to sync LDP_DH datahub_swagger...
Fetching origin
Everything up-to-date
Everything up-to-date
preparing to sync LDP_DH front-end-coding-guide...
Fetching origin
Everything up-to-date
Everything up-to-date
preparing to sync LDP_DF apache-nifi-ocrhestration...
Fetching origin
Everything up-to-date
Everything up-to-date
preparing to sync LDP_DF datahub_servicebroker...
Fetching origin
Everything up-to-date
Everything up-to-date
preparing to sync LDP_DF cassandra-openshift-orchestration...
Fetching origin
Everything up-to-date
Everything up-to-date
preparing to sync LDP_DF custom-docker-builder...
Fetching origin
Everything up-to-date
Everything up-to-date
preparing to sync LDP_DF datafactory...
Fetching origin
Everything up-to-date
Everything up-to-date
preparing to sync LDP_DF datafactory-rds-broker...
Fetching origin
Everything up-to-date
Everything up-to-date
preparing to sync LDP_DF datafactory-servicebroker-mysql...
Fetching origin
Everything up-to-date
Everything up-to-date
preparing to sync LDP_DF datafactory-stepbystep...
Fetching origin
Everything up-to-date
Everything up-to-date
preparing to sync LDP_DF datafoundry-gitter...
Fetching origin
Everything up-to-date
Everything up-to-date
preparing to sync LDP_DF datafoundry-troubleshooting...
Fetching origin
Everything up-to-date
Everything up-to-date
preparing to sync LDP_DF datafoundry_backlog...
Fetching origin
Everything up-to-date
Everything up-to-date
preparing to sync LDP_DF datafoundry_oauth2...
Fetching origin
Everything up-to-date
Everything up-to-date
preparing to sync LDP_DF datafoundry_proxy...
Fetching origin
Everything up-to-date
Everything up-to-date
preparing to sync LDP_DF datafoundry_servicebroker_go...
Fetching origin
Everything up-to-date
Everything up-to-date
preparing to sync LDP_DF datafoundry_servicebroker_hadoop...
Fetching origin
Everything up-to-date
Everything up-to-date
preparing to sync LDP_DF datafoundry_servicebroker_marathon...
Fetching origin
Everything up-to-date
Everything up-to-date
preparing to sync LDP_DF datafoundry_servicebroker_mysql...
Fetching origin
Everything up-to-date
Everything up-to-date
preparing to sync LDP_DF datafoundry_servicebroker_ocdp...
Fetching origin
Everything up-to-date
Everything up-to-date
preparing to sync LDP_DF datafoundry_servicebroker_openshift...
Fetching origin
From https://github.com/asiainfoLDP/datafoundry_servicebroker_openshift
   7d2291b..ed15970  develop    -> develop
   7d2291b..ed15970  master     -> master
 x [deleted]         (none)     -> refs/pull/7/merge
Everything up-to-date
To http://10.1.236.101:9700/LDP_DF/datafoundry_servicebroker_openshift.git
   7d2291b..ed15970  develop -> develop
   7d2291b..ed15970  master -> master
preparing to sync LDP_DF datafoundry_servicebroker_redis...
Fetching origin
Everything up-to-date
Everything up-to-date
preparing to sync LDP_DF datafoundry_web...
Fetching origin
From https://github.com/asiainfoLDP/datafoundry_web
   a9bb152..147ad22  znfeature  -> znfeature
Everything up-to-date
To http://10.1.236.101:9700/LDP_DF/datafoundry_web.git
   a9bb152..147ad22  znfeature -> znfeature
preparing to sync LDP_DF data_resource_planning...
Fetching origin
Everything up-to-date
Everything up-to-date
preparing to sync LDP_DF etcd-openshift-orchestration...
Fetching origin
Everything up-to-date
Everything up-to-date
preparing to sync LDP_DF gitbook-server...
Fetching origin
Everything up-to-date
Everything up-to-date
preparing to sync LDP_DF harbor...
Fetching origin
Everything up-to-date
Everything up-to-date
preparing to sync LDP_DF helloworld...
Fetching origin
Everything up-to-date
Everything up-to-date
preparing to sync LDP_DF kafka-openshift-orchestration...
Fetching origin
Everything up-to-date
Everything up-to-date
preparing to sync LDP_DF kettle-service-ocrhestration...
Fetching origin
Everything up-to-date
Everything up-to-date
preparing to sync LDP_DF kubernetes...
Fetching origin
Everything up-to-date
Everything up-to-date
preparing to sync LDP_DF meta-azure-service-broker...
Fetching origin
Everything up-to-date
Everything up-to-date
preparing to sync LDP_DF openshift-orchestration...
Fetching origin
Everything up-to-date
Everything up-to-date
preparing to sync LDP_DF phpRedisAdmin-openshift-orchestration...
Fetching origin
Everything up-to-date
Everything up-to-date
preparing to sync LDP_DF rabbitmq-openshift-orchestration...
Fetching origin
Everything up-to-date
Everything up-to-date
preparing to sync LDP_DF redis-openshift-orchestration...
Fetching origin
Everything up-to-date
Everything up-to-date
preparing to sync LDP_DF spark-openshift-orchestration...
Fetching origin
Everything up-to-date
Everything up-to-date
preparing to sync LDP_DF storm-openshift-orchestration...
Fetching origin
Everything up-to-date
Everything up-to-date
preparing to sync LDP_DF tensorflow-playground...
Fetching origin
Everything up-to-date
Everything up-to-date
preparing to sync LDP_DF wordpress...
Fetching origin
Everything up-to-date
Everything up-to-date
preparing to sync LDP_DF zookeeper-exhibitor-openshift-orchestration...
Fetching origin
Everything up-to-date
Everything up-to-date
preparing to sync LDP_DF zookeeper-openshift-orchestration...
Fetching origin
Everything up-to-date
Everything up-to-date
preparing to sync LDP_DF datafoundry_serviceusage...
Fetching origin
From https://github.com/asiainfoLDP/datafoundry_serviceusage
   d0c0fee..189894d  develop    -> develop
 x [deleted]         (none)     -> fix-too-many-connection-problem
 x [deleted]         (none)     -> refs/pull/44/merge
Everything up-to-date
To http://10.1.236.101:9700/LDP_DF/datafoundry_serviceusage.git
   d0c0fee..189894d  develop -> develop
 - [deleted]         fix-too-many-connection-problem
preparing to sync LDP_DF datafoundry_payment...
Fetching origin
 x [deleted]         (none)     -> feature/fix-too-many-connections
Everything up-to-date
To http://10.1.236.101:9700/LDP_DF/datafoundry_payment.git
 - [deleted]         feature/fix-too-many-connections
preparing to sync LDP_DF datafoundry_recharge...
Fetching origin
From https://github.com/asiainfoLDP/datafoundry_recharge
   23a021f..303040c  develop    -> develop
 * [new branch]      fix-old-mysql-incompatible -> fix-old-mysql-incompatible
   8728bcd..739561a  fix-too-many-connections -> fix-too-many-connections
   13d7791..303040c  master     -> master
 * [new ref]         refs/pull/10/head -> refs/pull/10/head
 * [new ref]         refs/pull/11/head -> refs/pull/11/head
 * [new ref]         refs/pull/12/head -> refs/pull/12/head
 * [new ref]         refs/pull/8/head -> refs/pull/8/head
 * [new ref]         refs/pull/9/head -> refs/pull/9/head
 x [deleted]         (none)     -> refs/pull/7/merge
Everything up-to-date
To http://10.1.236.101:9700/LDP_DF/datafoundry_recharge.git
   23a021f..303040c  develop -> develop
   8728bcd..739561a  fix-too-many-connections -> fix-too-many-connections
   13d7791..303040c  master -> master
 * [new branch]      fix-old-mysql-incompatible -> fix-old-mysql-incompatible
preparing to sync LDP_DF datafoundry_aipay...
Fetching origin
Everything up-to-date
Everything up-to-date
preparing to sync LDP_DF datafoundry_ocdp_hive_demo...
Fetching origin
Everything up-to-date
Everything up-to-date
preparing to sync LDP_DF datafoundry_data_integration...
Fetching origin
Everything up-to-date
Everything up-to-date
preparing to sync LDP_DF datafoundry_data_instance...
Fetching origin
Everything up-to-date
Everything up-to-date
preparing to sync LDP_DF datafoundry_coupon...
Fetching origin
From https://github.com/asiainfoLDP/datafoundry_coupon
   334909a..4aee931  develop    -> develop
 * [new branch]      fix-mysql-incompatible -> fix-mysql-incompatible
   b020ba9..4aee931  master     -> master
 * [new ref]         refs/pull/11/head -> refs/pull/11/head
 * [new ref]         refs/pull/12/head -> refs/pull/12/head
 * [new ref]         refs/pull/13/head -> refs/pull/13/head
 * [new tag]         v1.1.1     -> v1.1.1
 x [deleted]         (none)     -> feature-coupon
To http://10.1.236.101:9700/LDP_DF/datafoundry_coupon.git
 * [new tag]         v1.1.1 -> v1.1.1
To http://10.1.236.101:9700/LDP_DF/datafoundry_coupon.git
   334909a..4aee931  develop -> develop
 - [deleted]         feature-coupon
   b020ba9..4aee931  master -> master
 * [new branch]      fix-mysql-incompatible -> fix-mysql-incompatible
preparing to sync LDP_DF datafoundry_appmarket...
Fetching origin
From https://github.com/asiainfoLDP/datafoundry_appmarket
 * branch            HEAD       -> FETCH_HEAD
Everything up-to-date
Everything up-to-date
preparing to sync LDP_DF datafoundry_plan...
Fetching origin
From https://github.com/asiainfoLDP/datafoundry_plan
   9c1230a..11b770e  develop    -> develop
   f8bdd29..11b770e  master     -> master
 * [new ref]         refs/pull/16/head -> refs/pull/16/head
 x [deleted]         (none)     -> fix-too-many-connections
 x [deleted]         (none)     -> refs/pull/15/merge
Everything up-to-date
To http://10.1.236.101:9700/LDP_DF/datafoundry_plan.git
   9c1230a..11b770e  develop -> develop
 - [deleted]         fix-too-many-connections
   f8bdd29..11b770e  master -> master
preparing to sync LDP_DF datafoundry_volume...
Fetching origin
From https://github.com/asiainfoLDP/datafoundry_volume
   d0c4d17..91a0a2f  develop    -> develop
   4757757..91a0a2f  master     -> master
 x [deleted]         (none)     -> fix-too-many-connections-problem
 x [deleted]         (none)     -> refs/pull/8/merge
Everything up-to-date
To http://10.1.236.101:9700/LDP_DF/datafoundry_volume.git
   d0c4d17..91a0a2f  develop -> develop
 - [deleted]         fix-too-many-connections-problem
   4757757..91a0a2f  master -> master
preparing to sync LDP_DF datafoundry_volume_management...
Fetching origin
Everything up-to-date
Everything up-to-date
